
 Primary working directories    : /tmp/jh-li/molpro.CYjJ3VdCoV
 Secondary working directories  : /tmp/jh-li/molpro.CYjJ3VdCoV
 Wavefunction directory         : /home/jh-li/wfu/
 Main file repository           : /tmp/jh-li/molpro.CYjJ3VdCoV/

 id        : abcdef

 Nodes          nprocs
 DESKTOP-1D9QDE1    4

 Using customized tuning parameters: mindgm=1; mindgv=20; mindgc=4; mindgr=1; noblas=0; minvec=7
 default implementation of scratch files=sf  


 Variables initialized (934), CPU time= 0.01 sec
 ***,generated by utility bas_gms2molpro of MOKIT
 symmetry,nosym,noorient
 geometry={
 C1              0.42760106       -0.59512486        0.00000000
 N1             -0.35487376        0.32791325        0.00000000
 H1             -0.68002726       -1.04564980       -0.00100000
 }
 basis={
                                                                                 ! C
 S, C1, 6.66500000E+03, 1.00000000E+03, 2.28000000E+02, 6.47100000E+01, 2.10600000E+01, 7.49500000E+00, 2.79700000E+00, 5.21500000E-01, 1.59600000E-01
 c, 1.9, 6.91583963E-04, 5.32579615E-03, 2.70607210E-02, 1.01656846E-01, 2.74574824E-01, 4.48294319E-01, 2.84902611E-01, 1.51948592E-02, 0.00000000E+00
 c, 1.9,-2.93269653E-04,-2.31803547E-03,-1.14997860E-02,-4.68267270E-02,-1.28466169E-01,-3.01266272E-01,-2.55630702E-01, 1.09379336E+00, 0.00000000E+00
 c, 1.9, 0.00000000E+00, 0.00000000E+00, 0.00000000E+00, 0.00000000E+00, 0.00000000E+00, 0.00000000E+00, 0.00000000E+00, 0.00000000E+00, 1.00000000E+00
 P, C1, 9.43900000E+00, 2.00200000E+00, 5.45600000E-01, 1.51700000E-01
 c, 1.4, 5.69792516E-02, 3.13207212E-01, 7.60376742E-01, 0.00000000E+00
 c, 1.4, 0.00000000E+00, 0.00000000E+00, 0.00000000E+00, 1.00000000E+00
 D, C1, 5.50000000E-01
 c, 1.1, 1.00000000E+00
                                                                                 ! N
 S, N1, 9.04600000E+03, 1.35700000E+03, 3.09300000E+02, 8.77300000E+01, 2.85600000E+01, 1.02100000E+01, 3.83800000E+00, 7.46600000E-01, 2.24800000E-01
 c, 1.9, 6.99617413E-04, 5.38605463E-03, 2.73910212E-02, 1.03150592E-01, 2.78570663E-01, 4.48294849E-01, 2.78085928E-01, 1.54315612E-02, 0.00000000E+00
 c, 1.9,-3.04990096E-04,-2.40802638E-03,-1.19444487E-02,-4.89259929E-02,-1.34472725E-01,-3.15112578E-01,-2.42857833E-01, 1.09438221E+00, 0.00000000E+00
 c, 1.9, 0.00000000E+00, 0.00000000E+00, 0.00000000E+00, 0.00000000E+00, 0.00000000E+00, 0.00000000E+00, 0.00000000E+00, 0.00000000E+00, 1.00000000E+00
 P, N1, 1.35500000E+01, 2.91700000E+00, 7.97300000E-01, 2.18500000E-01
 c, 1.4, 5.89056768E-02, 3.20461107E-01, 7.53042062E-01, 0.00000000E+00
 c, 1.4, 0.00000000E+00, 0.00000000E+00, 0.00000000E+00, 1.00000000E+00
 D, N1, 8.17000000E-01
 c, 1.1, 1.00000000E+00
                                                                                 ! H
 S, H1, 1.30100000E+01, 1.96200000E+00, 4.44600000E-01, 1.22000000E-01
 c, 1.4, 3.34987264E-02, 2.34800801E-01, 8.13682958E-01, 0.00000000E+00
 c, 1.4, 0.00000000E+00, 0.00000000E+00, 0.00000000E+00, 1.00000000E+00
 P, H1, 7.27000000E-01
 c, 1.1, 1.00000000E+00
 }
 wf,charge=0,spin=0
 {matrop;
 read,mo,ORB,file=mol_rohf.a;
 save,mo,2100.2,ORBITALS}
 {HF;start,2100.2}
 {put,xml;keepspherical}
 basis=vdz
 {rhf;}
 {ccsd(t);}
 {force;varsav;}
 {table,energy;save,energy.csv,new;}
 {table,gradx,grady,gradz;save,grad.csv,new;}
 Commands  initialized (763), CPU time= 0.02 sec, 617 directives.
 Default parameters read. Elapsed time= 0.06 sec

 Checking input...
 Passed
1


                                         ***  PROGRAM SYSTEM MOLPRO  ***
                                       Copyright, TTI GmbH Stuttgart, 2015
                                    Version 2019.2 linked Jun  8 2019 11:26:33


 **********************************************************************************************************************************
 LABEL *   generated by utility bas_gms2molpro of MOKIT                                  
  64 bit mpp version                                                                     DATE: 03-Nov-24          TIME: 16:35:52  
 **********************************************************************************************************************************

 SHA1:             8135a10abc80eafa5b3ae28ffc55be4890dc4c84
 **********************************************************************************************************************************

 Variable memory set to  256000000 words,  buffer space 

 ZSYMEL=NOSYM


Geometry recognized as XYZ

 SETTING BASIS          =    USERDEF


 Recomputing integrals since basis changed


 Using spherical harmonics



 PROGRAM * SEWARD (Integral evaluation for generally contracted gaussian basis sets)     Author: Roland Lindh, 1990

 Geometry written to block  1 of record 700


 Point group  C1  



 ATOMIC COORDINATES

 NR  ATOM    CHARGE       X              Y              Z

   1  C1      6.00    0.808048894   -1.124622995    0.000000000
   2  N1      7.00   -0.670614215    0.619666235    0.000000000
   3  H1      1.00   -1.285065279   -1.975991744   -0.001889726

 Bond lengths in Bohr (Angstrom)

 1-2  2.286698386  1-3  2.259636975  2-3  2.667394614
     ( 1.210068674)     ( 1.195748392)     ( 1.411524442)

 Bond angles

  1-2-3   53.60656269   1-3-2   54.54802600   2-1-3   71.84541130

 NUCLEAR CHARGE:                   14
 NUMBER OF PRIMITIVE AOS:          61
 NUMBER OF SYMMETRY AOS:           59
 NUMBER OF CONTRACTIONS:           33   (   33A   )
 NUMBER OF CORE ORBITALS:           2   (    2A   )
 NUMBER OF VALENCE ORBITALS:        9   (    9A   )


 NUCLEAR REPULSION ENERGY   23.64666956

 Eigenvalues of metric

         1 0.898E-02 0.472E-01 0.140E+00 0.143E+00 0.176E+00 0.211E+00 0.212E+00 0.328E+00


 Contracted 2-electron integrals neglected if value below      1.0D-11
 AO integral compression algorithm  1   Integral accuracy      1.0D-11

     1.049 MB (compressed) written to integral file ( 89.5%)

     Node minimum: 0.262 MB, node maximum: 0.262 MB


 NUMBER OF SORTED TWO-ELECTRON INTEGRALS:      39480.     BUFFER LENGTH:  32768
 NUMBER OF SEGMENTS:   1  SEGMENT LENGTH:      39480      RECORD LENGTH: 524288

 Memory used in sort:       0.60 MW

 SORT1 READ      211834. AND WROTE       28597. INTEGRALS IN      1 RECORDS. CPU TIME:     0.00 SEC, REAL TIME:     0.02 SEC
 SORT2 READ      113816. AND WROTE      157641. INTEGRALS IN      4 RECORDS. CPU TIME:     0.01 SEC, REAL TIME:     0.01 SEC

 Node minimum:       39200.  Node maximum:       39621. integrals

 OPERATOR DM      FOR CENTER  0  COORDINATES:    0.000000    0.000000    0.000000


 **********************************************************************************************************************************
 DATASETS  * FILE   NREC   LENGTH (MB)   RECORD NAMES
              1      18       30.02       500      610      700      900      950      970     1000      129      960     1100   
                                          VAR    BASINP    GEOM    SYMINP    ZMAT    AOBASIS   BASIS     P2S    ABASIS      S 
                                         1400     1410     1200     1210     1080     1600     1650     1700   
                                           T        V       H0       H01     AOSYM     SMH    MOLCAS    OPER   

 PROGRAMS   *        TOTAL       INT
 CPU TIMES  *         0.41      0.26
 REAL TIME  *         0.79 SEC
 DISK USED  *        30.32 MB (local),      138.70 MB (total)
 GA USED    *         0.00 MB       (max)       0.00 MB       (current)
 **********************************************************************************************************************************


 PROGRAM * MATROP


 READING MATRIX MO (ORB) FROM FILE mol_rohf.a. SYMMETRY=1

  Orbitals MO saved in record 2100.2 (set 1)


 **********************************************************************************************************************************
 DATASETS  * FILE   NREC   LENGTH (MB)   RECORD NAMES
              1      18       30.02       500      610      700      900      950      970     1000      129      960     1100   
                                          VAR    BASINP    GEOM    SYMINP    ZMAT    AOBASIS   BASIS     P2S    ABASIS      S 
                                         1400     1410     1200     1210     1080     1600     1650     1700   
                                           T        V       H0       H01     AOSYM     SMH    MOLCAS    OPER   

              2       4        2.78       700     1000      520     2100   
                                         GEOM     BASIS   MCVARS   MATROP    

 PROGRAMS   *        TOTAL    MATROP       INT
 CPU TIMES  *         0.48      0.06      0.26
 REAL TIME  *         0.86 SEC
 DISK USED  *        32.84 MB (local),      148.79 MB (total)
 GA USED    *         0.00 MB       (max)       0.00 MB       (current)
 **********************************************************************************************************************************


 PROGRAM * RHF-SCF (CLOSED SHELL)       Authors: W. Meyer, H.-J. Werner


 NUMBER OF ELECTRONS:       7+    7-    SPACE SYMMETRY=1    SPIN SYMMETRY: Singlet 
 CONVERGENCE THRESHOLDS:    1.00E-06 (Density)    1.00E-07 (Energy)
 MAX. NUMBER OF ITERATIONS:       60
 INTERPOLATION TYPE:            DIIS
 INTERPOLATION STEPS:              2 (START)      1 (STEP)
 LEVEL SHIFTS:                  0.00 (CLOSED)  0.00 (OPEN) 



 Molecular orbitals read from record     2100.2  Type=MATROP/MATROP  

 Initial occupancy:   7

 Molecular orbital dump at record        2100.2

 ITERATION    DDIFF          GRAD             ENERGY        2-EL.EN.            DIPOLE MOMENTS         DIIS   ORB.
    1      0.000D+00      0.000D+00       -92.80593406    110.521734   -0.38798   -0.35183   -0.00046    0    start
    2      0.000D+00      0.209D-06       -92.80593406    110.521734   -0.38798   -0.35183   -0.00046    0    orth

 Final occupancy:   7

 !RHF STATE  1.1 Energy               -92.805934059466
 Nuclear energy                        23.64666956
 One-electron energy                 -171.71347043
 Two-electron energy                   55.26086681
 Virial quotient                       -1.00254813
 !RHF STATE  1.1 Dipole moment         -0.38798184    -0.35182512    -0.00046070
 Dipole moment /Debye                  -0.98608688    -0.89419168    -0.00117090

 Orbital energies:

         1.1          2.1          3.1          4.1          5.1          6.1          7.1          8.1          9.1
    -15.662758   -11.306768    -1.294214    -0.704328    -0.615224    -0.521238    -0.491339     0.111057     0.169181


 HOMO      7.1    -0.491339 =     -13.3700eV
 LUMO      8.1     0.111057 =       3.0220eV
 LUMO-HOMO         0.602396 =      16.3920eV


 **********************************************************************************************************************************
 DATASETS  * FILE   NREC   LENGTH (MB)   RECORD NAMES
              1      18       30.02       500      610      700      900      950      970     1000      129      960     1100   
                                          VAR    BASINP    GEOM    SYMINP    ZMAT    AOBASIS   BASIS     P2S    ABASIS      S 
                                         1400     1410     1200     1210     1080     1600     1650     1700   
                                           T        V       H0       H01     AOSYM     SMH    MOLCAS    OPER   

              2       4        2.80       700     1000      520     2100   
                                         GEOM     BASIS   MCVARS     RHF  

 PROGRAMS   *        TOTAL    HF-SCF    MATROP       INT
 CPU TIMES  *         0.52      0.03      0.06      0.26
 REAL TIME  *         0.92 SEC
 DISK USED  *        32.86 MB (local),      148.86 MB (total)
 SF USED    *         0.00 MB
 GA USED    *         0.00 MB       (max)       0.00 MB       (current)
 **********************************************************************************************************************************

 Dump information in style XML to output                                                                          

 Orbitals are kept spherical for spherical input.
 Molecular orbitals read from record     2100.2  Type=RHF/CANONICAL (state 1.1)
 Occupation numbers read from record     2100.2  Type=RHF/RHF (state 1.1)
 Orbital energies read from record       2100.2  Type=RHF/CANONICAL (state 1.1)
 Redundancy group numbers read from rec  2100.2  Type=RHF/RHF (state 1.1)

 **********************************************************************************************************************************
 SETTING BASIS          =    VDZ


 Recomputing integrals since basis changed


 Using spherical harmonics

 Library entry C      S cc-pVDZ              selected for orbital group  1
 Library entry C      P cc-pVDZ              selected for orbital group  1
 Library entry C      D cc-pVDZ              selected for orbital group  1
 Library entry N      S cc-pVDZ              selected for orbital group  2
 Library entry N      P cc-pVDZ              selected for orbital group  2
 Library entry N      D cc-pVDZ              selected for orbital group  2
 Library entry H      S cc-pVDZ              selected for orbital group  3
 Library entry H      P cc-pVDZ              selected for orbital group  3


 PROGRAM * SEWARD (Integral evaluation for generally contracted gaussian basis sets)     Author: Roland Lindh, 1990

 Geometry written to block  1 of record 700


 Point group  C1  



 ATOMIC COORDINATES

 NR  ATOM    CHARGE       X              Y              Z

   1  C1      6.00    0.808048894   -1.124622995    0.000000000
   2  N1      7.00   -0.670614215    0.619666235    0.000000000
   3  H1      1.00   -1.285065279   -1.975991744   -0.001889726

 Bond lengths in Bohr (Angstrom)

 1-2  2.286698386  1-3  2.259636975  2-3  2.667394614
     ( 1.210068674)     ( 1.195748392)     ( 1.411524442)

 Bond angles

  1-2-3   53.60656269   1-3-2   54.54802600   2-1-3   71.84541130

 NUCLEAR CHARGE:                   14
 NUMBER OF PRIMITIVE AOS:          61
 NUMBER OF SYMMETRY AOS:           59
 NUMBER OF CONTRACTIONS:           33   (   33A   )
 NUMBER OF CORE ORBITALS:           2   (    2A   )
 NUMBER OF VALENCE ORBITALS:        9   (    9A   )


 NUCLEAR REPULSION ENERGY   23.64666956

 Eigenvalues of metric

         1 0.683E-02 0.197E-01 0.551E-01 0.643E-01 0.112E+00 0.124E+00 0.128E+00 0.129E+00


 Contracted 2-electron integrals neglected if value below      1.0D-11
 AO integral compression algorithm  1   Integral accuracy      1.0D-11

     1.049 MB (compressed) written to integral file ( 90.7%)

     Node minimum: 0.262 MB, node maximum: 0.262 MB


 NUMBER OF SORTED TWO-ELECTRON INTEGRALS:      39480.     BUFFER LENGTH:  32768
 NUMBER OF SEGMENTS:   1  SEGMENT LENGTH:      39480      RECORD LENGTH: 524288

 Memory used in sort:       0.60 MW

 SORT1 READ      211834. AND WROTE       28597. INTEGRALS IN      1 RECORDS. CPU TIME:     0.00 SEC, REAL TIME:     0.00 SEC
 SORT2 READ      113816. AND WROTE      157641. INTEGRALS IN      4 RECORDS. CPU TIME:     0.01 SEC, REAL TIME:     0.02 SEC

 Node minimum:       39200.  Node maximum:       39621. integrals

 OPERATOR DM      FOR CENTER  0  COORDINATES:    0.000000    0.000000    0.000000


 **********************************************************************************************************************************
 DATASETS  * FILE   NREC   LENGTH (MB)   RECORD NAMES
              1      18       30.02       500      610      700      900      950      970     1000      129      960     1100   
                                          VAR    BASINP    GEOM    SYMINP    ZMAT    AOBASIS   BASIS     P2S    ABASIS      S 
                                         1400     1410     1200     1210     1080     1600     1650     1700   
                                           T        V       H0       H01     AOSYM     SMH    MOLCAS    OPER   

              2       4        2.80       700     1000      520     2100   
                                         GEOM     BASIS   MCVARS     RHF  

 PROGRAMS   *        TOTAL       INT    HF-SCF    MATROP       INT
 CPU TIMES  *         0.81      0.23      0.03      0.06      0.26
 REAL TIME  *         1.60 SEC
 DISK USED  *        32.86 MB (local),      148.87 MB (total)
 SF USED    *         0.00 MB
 GA USED    *         0.00 MB       (max)       0.00 MB       (current)
 **********************************************************************************************************************************


 PROGRAM * RHF-SCF (CLOSED SHELL)       Authors: W. Meyer, H.-J. Werner


 NUMBER OF ELECTRONS:       7+    7-    SPACE SYMMETRY=1    SPIN SYMMETRY: Singlet 
 CONVERGENCE THRESHOLDS:    1.00E-06 (Density)    1.00E-07 (Energy)
 MAX. NUMBER OF ITERATIONS:       60
 INTERPOLATION TYPE:            DIIS
 INTERPOLATION STEPS:              2 (START)      1 (STEP)
 LEVEL SHIFTS:                  0.00 (CLOSED)  0.00 (OPEN) 



 Molecular orbitals read from record     2100.2  Type=RHF/CANONICAL (state 1.1)

 Molecular orbital dump at record        2101.2

 ITERATION    DDIFF          GRAD             ENERGY        2-EL.EN.            DIPOLE MOMENTS         DIIS   ORB.
    1      0.000D+00      0.000D+00       -92.01468660     98.063735   -0.46607   -0.33404   -0.00050    0    start
    2      0.000D+00      0.645D-01       -92.70413302    114.646053   -0.10868   -0.98695   -0.00063    1    diag
    3      0.156D+00      0.246D-01       -92.79284587    110.246503   -0.60205   -0.09302   -0.00046    2    diag
    4      0.473D-01      0.889D-02       -92.80513957    110.535008   -0.34344   -0.39874   -0.00046    3    diag
    5      0.141D-01      0.138D-02       -92.80577877    110.518160   -0.39092   -0.35407   -0.00046    4    diag
    6      0.297D-02      0.438D-03       -92.80589889    110.523230   -0.38654   -0.35179   -0.00046    5    diag
    7      0.111D-02      0.169D-03       -92.80592850    110.523421   -0.38828   -0.35235   -0.00046    6    diag
    8      0.580D-03      0.679D-04       -92.80593364    110.521367   -0.38785   -0.35170   -0.00046    7    orth
    9      0.304D-03      0.219D-04       -92.80593404    110.521766   -0.38794   -0.35183   -0.00046    8    diag
   10      0.991D-04      0.525D-05       -92.80593406    110.521753   -0.38797   -0.35183   -0.00046    9    diag
   11      0.206D-04      0.644D-06       -92.80593406    110.521733   -0.38798   -0.35183   -0.00046    9    diag
   12      0.200D-05      0.225D-06       -92.80593406    110.521734   -0.38798   -0.35182   -0.00046    9    diag
   13      0.843D-06      0.724D-07       -92.80593406    110.521735   -0.38798   -0.35182   -0.00046    0    orth

 Final occupancy:   7

 !RHF STATE  1.1 Energy               -92.805934059806
 Nuclear energy                        23.64666956
 One-electron energy                 -171.71347126
 Two-electron energy                   55.26086764
 Virial quotient                       -1.00254813
 !RHF STATE  1.1 Dipole moment         -0.38798278    -0.35182484    -0.00046070
 Dipole moment /Debye                  -0.98608927    -0.89419099    -0.00117090

 Orbital energies:

         1.1          2.1          3.1          4.1          5.1          6.1          7.1          8.1          9.1
    -15.662758   -11.306768    -1.294213    -0.704328    -0.615225    -0.521238    -0.491339     0.111057     0.169181


 HOMO      7.1    -0.491339 =     -13.3700eV
 LUMO      8.1     0.111057 =       3.0220eV
 LUMO-HOMO         0.602396 =      16.3920eV


 **********************************************************************************************************************************
 DATASETS  * FILE   NREC   LENGTH (MB)   RECORD NAMES
              1      18       30.02       500      610      700      900      950      970     1000      129      960     1100   
                                          VAR    BASINP    GEOM    SYMINP    ZMAT    AOBASIS   BASIS     P2S    ABASIS      S 
                                         1400     1410     1200     1210     1080     1600     1650     1700   
                                           T        V       H0       H01     AOSYM     SMH    MOLCAS    OPER   

              2       5        5.34       700     1000      520     2100     2101   
                                         GEOM     BASIS   MCVARS     RHF      RHF  

 PROGRAMS   *        TOTAL   RHF-SCF       INT    HF-SCF    MATROP       INT
 CPU TIMES  *         0.93      0.12      0.23      0.03      0.06      0.26
 REAL TIME  *         1.76 SEC
 DISK USED  *        35.48 MB (local),      159.33 MB (total)
 SF USED    *         0.00 MB
 GA USED    *         0.00 MB       (max)       0.00 MB       (current)
 **********************************************************************************************************************************


 PROGRAM * CCSD (Closed-shell coupled cluster)     Authors: C. Hampel, H.-J. Werner, 1991, M. Deegan, P.J. Knowles, 1992


 Convergence thresholds:  THRVAR = 1.00D-12  THRDEN = 1.00D-08

 CCSD(T)     terms to be evaluated (factor= 1.000)


 Using ITF CCSD(T) gradient implementation

 Number of core orbitals:           2 (   2 )
 Number of closed-shell orbitals:   5 (   5 )
 Number of external orbitals:      26 (  26 )

 Molecular orbitals read from record     2101.2  Type=RHF/CANONICAL (state 1.1)

 Integral transformation finished. Total CPU:   0.01 sec, npass=  1  Memory used:   0.22 MW
 Time for re-packing tensors:             0.00 sec
  Reference energy:                   -92.805934059806

  MP2 correlation energy:              -0.279196028809
  MP2 total energy:                   -93.085130088615

 ITER.      SQ.NORM     CORR.ENERGY   TOTAL ENERGY   ENERGY CHANGE        DEN1      VAR(S)    VAR(P)  DIIS     TIME
   1      1.11321280    -0.29201552   -93.09794958    -0.01281949    -0.00075588  4.27e-03  2.57e-03  1  1     0.01
   2      1.13001497    -0.29429825   -93.10023231    -0.00228273    -0.01095085  4.70e-05  7.29e-04  2  2     0.03
   3      1.13570560    -0.29481179   -93.10074585    -0.00051354    -0.00144433  5.42e-05  1.26e-04  3  3     0.04
   4      1.14192278    -0.29499088   -93.10092494    -0.00017909    -0.00184845  1.70e-06  3.48e-05  4  4     0.05
   5      1.14484405    -0.29498339   -93.10091745     0.00000749    -0.00052605  7.31e-07  4.75e-06  5  5     0.07
   6      1.14621130    -0.29496450   -93.10089856     0.00001888    -0.00018805  2.54e-08  4.69e-07  6  0     0.08
   7      1.14652513    -0.29495571   -93.10088977     0.00000879    -0.00003556  8.16e-09  3.53e-08  6  1     0.09
   8      1.14658643    -0.29495339   -93.10088745     0.00000233    -0.00000588  1.34e-10  4.80e-09  6  2     0.10
   9      1.14660159    -0.29495279   -93.10088685     0.00000059    -0.00000125  5.91e-11  4.51e-10  6  3     0.11
  10      1.14660573    -0.29495263   -93.10088669     0.00000017    -0.00000024  1.86e-12  4.46e-11  6  4     0.13
  11      1.14660647    -0.29495257   -93.10088663     0.00000006    -0.00000006  3.19e-13  4.63e-12  6  5     0.14
  12      1.14660661    -0.29495256   -93.10088662     0.00000001     0.00000000  5.62e-14  6.55e-13  6  0     0.15
  13      1.14660655    -0.29495256   -93.10088662     0.00000000     0.00000002  1.82e-14  1.15e-13           0.16

 Norm of t1 vector:      0.13081442     S-energy:      0.00000001   T1 diagnostic:  0.02925099

 Time per iteration:                      0.01 sec

 RESULTS
 =======

  Reference energy:                   -92.805934059806
  CCSD correlation energy:             -0.294952560630
  CCSD total energy:                  -93.100886620436

  Triples (T) contribution:            -0.013132970035
  Total correlation energy:            -0.308085530665
  CCSD[T] total energy:               -93.115319402014
 !CCSD(T) total energy:               -93.114019590471

 Starting CP-CCSD(T) iterations.   Author: W. Gyorffy (2015)

         ITER.       NRM1          NRM2     VAR1+VAR2       CPU  DIIS
 iter.     1     0.01222711     0.44319321 5.23322324e-03      0.01  1  1
 iter.     2     0.01304063     0.43097933 3.04795030e-04      0.03  2  2
 iter.     3     0.01305340     0.43155897 2.38197011e-05      0.04  3  3
 iter.     4     0.01324298     0.43056335 4.59547621e-06      0.05  4  4
 iter.     5     0.01340255     0.43009488 7.32508174e-07      0.06  5  5
 iter.     6     0.01351372     0.42993309 1.31632242e-07      0.07  6  0
 iter.     7     0.01359413     0.42991891 2.68890289e-08      0.07  6  1
 iter.     8     0.01362853     0.42994889 8.47637046e-09      0.08  6  2
 iter.     9     0.01365574     0.42998343 8.21556024e-10      0.09  6  3
 iter.    10     0.01366135     0.42999209 1.43219663e-10      0.10  6  4
 iter.    11     0.01366426     0.42999544 1.90465310e-11      0.11  6  5
 iter.    12     0.01366371     0.42999479 3.22781970e-12      0.13  6  0
 iter.    13     0.01366409     0.42999513 2.94852346e-13      0.14


 Time per iteration:                      0.01 sec


 Starting Coupled-perturbed Hartree-Fock, convergence threshold= 1.0D-06

 ITER   MIC  DIIS      VAR         VARC       CPU
   1     0     1    0.25D-02    0.14D-02     0.00
   2     4     2    0.17D-03    0.10D-04     0.00
   3     5     3    0.26D-05    0.15D-05     0.00
   4     1     4    0.40D-06    0.22D-07     0.00

 CPHF convergence reached in  4 macroiterations and   10 microiterations.   Accuracy: 4.0392D-07

 CPHF solution written to record  8500.2

 Dipole moments (unrelaxed):           -0.33915169    -0.30484527    -0.00040118
 Orbital relaxation contribution:       0.00044214    -0.00304147    -0.00000143
 !CCSD(T) STATE  1.1 Dipole moment     -0.33870955    -0.30788674    -0.00040261
 Dipole moment /Debye                  -0.86085742    -0.78251878    -0.00102327

 CPU-time for coupled-perturbed hartree-fock:          0.00 sec

 Number of N-1 electron functions:               5
 Number of N-2 electron functions:              15
 Number of singly external CSFs:               130
 Number of doubly external CSFs:              8515
 Total number of CSFs:                        8646

 CCSD(T) gradient info saved on record        55555.1




 **********************************************************************************************************************************
 DATASETS  * FILE   NREC   LENGTH (MB)   RECORD NAMES
              1      20       31.68       500      610      700      900      950      970     1000      129      960     1100   
                                          VAR    BASINP    GEOM    SYMINP    ZMAT    AOBASIS   BASIS     P2S    ABASIS      S 
                                         1400     1410     1200     1210     1080     1600     1650     1700     1380    55555   
                                           T        V       H0       H01     AOSYM     SMH    MOLCAS    OPER     JKOP    CCSD(T)    

              2       7        5.75       700     1000      520     2100     2101     3791     8500   
                                         GEOM     BASIS   MCVARS     RHF      RHF              CPHF   

 PROGRAMS   *        TOTAL   CCSD(T)   RHF-SCF       INT    HF-SCF    MATROP       INT
 CPU TIMES  *         1.47      0.54      0.12      0.23      0.03      0.06      0.26
 REAL TIME  *         2.38 SEC
 DISK USED  *        37.48 MB (local),      167.33 MB (total)
 SF USED    *        16.12 MB
 GA USED    *         0.00 MB       (max)       0.00 MB       (current)
 **********************************************************************************************************************************


 PROGRAM * ALASKA (Gradient of the energy)     Author: R. Lindh


 CCSD(T) Gradient info restored from record   55555.1

 Number of core orbitals:           2 (   2 )
 Number of closed-shell orbitals:   5 (   5 )
 Number of external orbitals:      26 (  26 )

 Integral thresholds in T2TRAN:            1.0D-10 (PROD)

 4-index transformation of triples contribution
    CPU used (ia|bd)=>(ia|AB):     0.00 secs
    algorithm:                     fully in-core
        memory used:               1.19 MW
    CPU used (ia|AB)=>(AB|ia):     0.00 secs
    CPU used (AB|ia)=>(AB|CD):     0.01 secs

 Available memory for Transformation: 253899953 words
 Memory needed for incore algorithm:     198389 words
 Minimum memory needed:                   90413 words

 Memory used for transformation:           0.28 MW
 Available memory for gradients:         255.62 MW

 CPU for transformation:                   0.02 sec
 CPU for integrals and gradient:           1.14 sec
 Total CPU:                                1.16 sec

 Prescreening statistics:
 ========================

 Total number of shell quadruplets:        1.76D+02
 Number of shell quadruplets processed:    1.76D+02 (100.00%)

 CCSD(T) GRADIENT FOR STATE 1.1

 Atom          dE/dx               dE/dy               dE/dz

   1         0.000070361         0.000034318         0.000000067
   2         0.000006964         0.000011868         0.000000011
   3        -0.000077325        -0.000046186        -0.000000078

 Nuclear force contribution to virial =         0.000211576


 **********************************************************************************************************************************
 DATASETS  * FILE   NREC   LENGTH (MB)   RECORD NAMES
              1      20       31.68       500      610      700      900      950      970     1000      129      960     1100   
                                          VAR    BASINP    GEOM    SYMINP    ZMAT    AOBASIS   BASIS     P2S    ABASIS      S 
                                         1400     1410     1200     1210     1080     1600     1650     1700     1380    55555   
                                           T        V       H0       H01     AOSYM     SMH    MOLCAS    OPER     JKOP    CCSD(T)    

              2       9        6.88       700     1000      520     2100     2101     3791     8500     9001     9876   
                                         GEOM     BASIS   MCVARS     RHF      RHF              CPHF    DEN_MP2   TGRAD   

              5       1        9.49      3791   
                                         TGRAD   

 PROGRAMS   *        TOTAL     FORCE   CCSD(T)   RHF-SCF       INT    HF-SCF    MATROP       INT
 CPU TIMES  *         3.37      1.89      0.54      0.12      0.23      0.03      0.06      0.26
 REAL TIME  *         5.64 SEC
 DISK USED  *        38.60 MB (local),      171.83 MB (total)
 SF USED    *        16.12 MB
 GA USED    *         0.00 MB       (max)       0.00 MB       (current)
 **********************************************************************************************************************************


        ENERGY
    -93.11401959
                                                  


           GRADX             GRADY             GRADZ
     7.03614816D-05    3.43176702D-05    6.67179784D-08
     6.96357160D-06    1.18680965D-05    1.13912413D-08
    -7.73250532D-05   -4.61857667D-05   -7.81092197D-08
                                                  

 CCSD(T)/cc-pVDZ energy=    -93.114019590471

         CCSD(T)         RHF-SCF          HF-SCF
    -93.11401959    -92.80593406    -92.80593406
 **********************************************************************************************************************************
 Molpro calculation terminated
